{"C:\\Users\\Saul\\Documents\\GitHub\\PWA\\src\\index.js": {"path":"C:\\Users\\Saul\\Documents\\GitHub\\PWA\\src\\index.js","statementMap":{"0":{"start":{"line":4,"column":175},"end":{"line":4,"column":229}}},"fnMap":{"0":{"name":"_interopRequireDefault","decl":{"start":{"line":4,"column":146},"end":{"line":4,"column":168}},"loc":{"start":{"line":4,"column":174},"end":{"line":4,"column":230}}}},"branchMap":{"0":{"loc":{"start":{"line":4,"column":182},"end":{"line":4,"column":228}},"type":"cond-expr","locations":[{"start":{"line":4,"column":206},"end":{"line":4,"column":209}},{"start":{"line":4,"column":212},"end":{"line":4,"column":228}}]},"1":{"loc":{"start":{"line":4,"column":182},"end":{"line":4,"column":203}},"type":"binary-expr","locations":[{"start":{"line":4,"column":182},"end":{"line":4,"column":185}},{"start":{"line":4,"column":189},"end":{"line":4,"column":203}}]}},"s":{"0":0},"f":{"0":0},"b":{"0":[0,0],"1":[0,0]}}
,"C:\\Users\\Saul\\Documents\\GitHub\\PWA\\src\\components\\App\\App.js": {"path":"C:\\Users\\Saul\\Documents\\GitHub\\PWA\\src\\components\\App\\App.js","statementMap":{"0":{"start":{"line":1,"column":39},"end":{"line":1,"column":101}},"1":{"start":{"line":7,"column":180},"end":{"line":7,"column":234}},"2":{"start":{"line":9,"column":12},"end":{"line":14,"column":141}},"3":{"start":{"line":10,"column":26},"end":{"line":14,"column":141}}},"fnMap":{"0":{"name":"_interopRequireDefault","decl":{"start":{"line":7,"column":151},"end":{"line":7,"column":173}},"loc":{"start":{"line":7,"column":179},"end":{"line":7,"column":235}}},"1":{"name":"(anonymous_1)","decl":{"start":{"line":9,"column":12},"end":{"line":9,"column":13}},"loc":{"start":{"line":10,"column":26},"end":{"line":14,"column":141}}}},"branchMap":{"0":{"loc":{"start":{"line":7,"column":187},"end":{"line":7,"column":233}},"type":"cond-expr","locations":[{"start":{"line":7,"column":211},"end":{"line":7,"column":214}},{"start":{"line":7,"column":217},"end":{"line":7,"column":233}}]},"1":{"loc":{"start":{"line":7,"column":187},"end":{"line":7,"column":208}},"type":"binary-expr","locations":[{"start":{"line":7,"column":187},"end":{"line":7,"column":190}},{"start":{"line":7,"column":194},"end":{"line":7,"column":208}}]}},"s":{"0":0,"1":0,"2":0,"3":0},"f":{"0":0,"1":0},"b":{"0":[0,0],"1":[0,0]}}
,"C:\\Users\\Saul\\Documents\\GitHub\\PWA\\src\\components\\about\\About.js": {"path":"C:\\Users\\Saul\\Documents\\GitHub\\PWA\\src\\components\\about\\About.js","statementMap":{"0":{"start":{"line":4,"column":14},"end":{"line":9,"column":1}},"1":{"start":{"line":5,"column":2},"end":{"line":8,"column":8}}},"fnMap":{"0":{"name":"(anonymous_0)","decl":{"start":{"line":4,"column":14},"end":{"line":4,"column":15}},"loc":{"start":{"line":5,"column":2},"end":{"line":8,"column":8}}}},"branchMap":{},"s":{"0":2,"1":2},"f":{"0":2},"b":{},"_coverageSchema":"332fd63041d2c1bcb487cc26dd0d5f7d97098a6c","hash":"390b140b33b8e279254ff15501086c9289d990ab"}
,"C:\\Users\\Saul\\Documents\\GitHub\\PWA\\src\\components\\header\\Header.js": {"path":"C:\\Users\\Saul\\Documents\\GitHub\\PWA\\src\\components\\header\\Header.js","statementMap":{"0":{"start":{"line":5,"column":15},"end":{"line":17,"column":1}},"1":{"start":{"line":6,"column":2},"end":{"line":16,"column":11}}},"fnMap":{"0":{"name":"(anonymous_0)","decl":{"start":{"line":5,"column":15},"end":{"line":5,"column":16}},"loc":{"start":{"line":6,"column":2},"end":{"line":16,"column":11}}}},"branchMap":{},"s":{"0":1,"1":1},"f":{"0":1},"b":{},"_coverageSchema":"332fd63041d2c1bcb487cc26dd0d5f7d97098a6c","hash":"76106328dcbcddd5b1a8bbf9dcc685edc5ab42a5"}
,"C:\\Users\\Saul\\Documents\\GitHub\\PWA\\src\\components\\home\\Home.js": {"path":"C:\\Users\\Saul\\Documents\\GitHub\\PWA\\src\\components\\home\\Home.js","statementMap":{"0":{"start":{"line":4,"column":13},"end":{"line":11,"column":1}},"1":{"start":{"line":5,"column":2},"end":{"line":10,"column":8}},"2":{"start":{"line":7,"column":24},"end":{"line":7,"column":68}}},"fnMap":{"0":{"name":"(anonymous_0)","decl":{"start":{"line":4,"column":13},"end":{"line":4,"column":14}},"loc":{"start":{"line":5,"column":2},"end":{"line":10,"column":8}}},"1":{"name":"(anonymous_1)","decl":{"start":{"line":7,"column":16},"end":{"line":7,"column":17}},"loc":{"start":{"line":7,"column":24},"end":{"line":7,"column":68}}}},"branchMap":{"0":{"loc":{"start":{"line":6,"column":5},"end":{"line":7,"column":93}},"type":"cond-expr","locations":[{"start":{"line":7,"column":6},"end":{"line":7,"column":69}},{"start":{"line":7,"column":72},"end":{"line":7,"column":93}}]}},"s":{"0":2,"1":3,"2":5},"f":{"0":3,"1":5},"b":{"0":[2,1]},"_coverageSchema":"332fd63041d2c1bcb487cc26dd0d5f7d97098a6c","hash":"2fd3c0fc0fe11c887f71b85c17e7a2c8e61aef82"}
,"C:\\Users\\Saul\\Documents\\GitHub\\PWA\\src\\components\\notfound\\NotFound.js": {"path":"C:\\Users\\Saul\\Documents\\GitHub\\PWA\\src\\components\\notfound\\NotFound.js","statementMap":{"0":{"start":{"line":3,"column":17},"end":{"line":5,"column":1}},"1":{"start":{"line":4,"column":2},"end":{"line":4,"column":50}}},"fnMap":{"0":{"name":"(anonymous_0)","decl":{"start":{"line":3,"column":17},"end":{"line":3,"column":18}},"loc":{"start":{"line":4,"column":2},"end":{"line":4,"column":50}}}},"branchMap":{},"s":{"0":2,"1":2},"f":{"0":2},"b":{},"_coverageSchema":"332fd63041d2c1bcb487cc26dd0d5f7d97098a6c","hash":"082d96c7921750fe3d2175ec191aa2766a0410f5"}
,"C:\\Users\\Saul\\Documents\\GitHub\\PWA\\src\\components\\post\\Post.js": {"path":"C:\\Users\\Saul\\Documents\\GitHub\\PWA\\src\\components\\post\\Post.js","statementMap":{"0":{"start":{"line":5,"column":13},"end":{"line":14,"column":1}},"1":{"start":{"line":6,"column":2},"end":{"line":13,"column":8}}},"fnMap":{"0":{"name":"(anonymous_0)","decl":{"start":{"line":5,"column":13},"end":{"line":5,"column":14}},"loc":{"start":{"line":6,"column":2},"end":{"line":13,"column":8}}}},"branchMap":{"0":{"loc":{"start":{"line":8,"column":7},"end":{"line":10,"column":18}},"type":"cond-expr","locations":[{"start":{"line":9,"column":8},"end":{"line":9,"column":83}},{"start":{"line":10,"column":8},"end":{"line":10,"column":18}}]}},"s":{"0":4,"1":6},"f":{"0":6},"b":{"0":[4,2]},"_coverageSchema":"332fd63041d2c1bcb487cc26dd0d5f7d97098a6c","hash":"97556c73251f9968d3dff9d82b153ab9db973d47"}
,"C:\\Users\\Saul\\Documents\\GitHub\\PWA\\src\\components\\postDetail\\PostDetail.js": {"path":"C:\\Users\\Saul\\Documents\\GitHub\\PWA\\src\\components\\postDetail\\PostDetail.js","statementMap":{"0":{"start":{"line":4,"column":19},"end":{"line":8,"column":1}},"1":{"start":{"line":5,"column":2},"end":{"line":7,"column":8}}},"fnMap":{"0":{"name":"(anonymous_0)","decl":{"start":{"line":4,"column":19},"end":{"line":4,"column":20}},"loc":{"start":{"line":5,"column":2},"end":{"line":7,"column":8}}}},"branchMap":{},"s":{"0":2,"1":2},"f":{"0":2},"b":{},"_coverageSchema":"332fd63041d2c1bcb487cc26dd0d5f7d97098a6c","hash":"63f1d556785f03229e78bbf77a47345e39f347bd"}
,"C:\\Users\\Saul\\Documents\\GitHub\\PWA\\src\\components\\routes\\Routes.js": {"path":"C:\\Users\\Saul\\Documents\\GitHub\\PWA\\src\\components\\routes\\Routes.js","statementMap":{"0":{"start":{"line":10,"column":15},"end":{"line":20,"column":1}},"1":{"start":{"line":11,"column":2},"end":{"line":19,"column":8}},"2":{"start":{"line":12,"column":48},"end":{"line":12,"column":76}},"3":{"start":{"line":15,"column":19},"end":{"line":15,"column":78}},"4":{"start":{"line":15,"column":46},"end":{"line":15,"column":77}},"5":{"start":{"line":16,"column":6},"end":{"line":16,"column":42}}},"fnMap":{"0":{"name":"(anonymous_0)","decl":{"start":{"line":10,"column":15},"end":{"line":10,"column":16}},"loc":{"start":{"line":11,"column":2},"end":{"line":19,"column":8}}},"1":{"name":"(anonymous_1)","decl":{"start":{"line":12,"column":42},"end":{"line":12,"column":43}},"loc":{"start":{"line":12,"column":48},"end":{"line":12,"column":76}}},"2":{"name":"(anonymous_2)","decl":{"start":{"line":14,"column":52},"end":{"line":14,"column":53}},"loc":{"start":{"line":14,"column":61},"end":{"line":17,"column":5}}},"3":{"name":"(anonymous_3)","decl":{"start":{"line":15,"column":38},"end":{"line":15,"column":39}},"loc":{"start":{"line":15,"column":46},"end":{"line":15,"column":77}}}},"branchMap":{},"s":{"0":1,"1":4,"2":1,"3":1,"4":3,"5":1},"f":{"0":4,"1":1,"2":1,"3":3},"b":{},"_coverageSchema":"332fd63041d2c1bcb487cc26dd0d5f7d97098a6c","hash":"135b60b9f3135709c05b96905b3a0ac72d911c3e"}
}
